<?xml version="1.0" encoding="UTF-8"?>
<testng-results ignored="0" total="1" passed="1" failed="0" skipped="0">
  <reporter-output>
  </reporter-output>
  <suite started-at="2025-05-15T21:07:01 IST" name="Default suite" finished-at="2025-05-15T21:07:05 IST" duration-ms="3977">
    <groups>
    </groups>
    <test started-at="2025-05-15T21:07:01 IST" name="Default test" finished-at="2025-05-15T21:07:05 IST" duration-ms="3977">
      <class name="testngannotation.Javascriptexample">
        <test-method is-config="true" signature="beforeMethod()[pri:0, instance:testngannotation.Javascriptexample@38d8f54a]" started-at="2025-05-15T21:07:01 IST" name="beforeMethod" finished-at="2025-05-15T21:07:05 IST" duration-ms="3873" status="PASS">
          <reporter-output>
          </reporter-output>
        </test-method> <!-- beforeMethod -->
        <test-method signature="javascript()[pri:0, instance:testngannotation.Javascriptexample@38d8f54a]" started-at="2025-05-15T21:07:05 IST" name="javascript" finished-at="2025-05-15T21:07:05 IST" duration-ms="43" status="PASS">
          <reporter-output>
          </reporter-output>
        </test-method> <!-- javascript -->
        <test-method is-config="true" signature="afterMethod()[pri:0, instance:testngannotation.Javascriptexample@38d8f54a]" started-at="2025-05-15T21:07:05 IST" name="afterMethod" finished-at="2025-05-15T21:07:05 IST" duration-ms="2" status="PASS">
          <reporter-output>
          </reporter-output>
        </test-method> <!-- afterMethod -->
      </class> <!-- testngannotation.Javascriptexample -->
    </test> <!-- Default test -->
  </suite> <!-- Default suite -->
</testng-results>
